New log file opened at Tue Jul 11 11:34:31 CST 2017 by 7073@vagrant123
Taking next connection to: 40086
New client attempting to connect on port: 42022-40086
  Address = /127.0.1.1:40086
This client on port 42022 has uuid 37ece0c4-f626-40c5-a6f1-583dde699038 configName activator humanReadableName Activator protocolVersion 3 featureTags Vector()
Connected Clients: activator-37ece0c4-f626-40c5-a6f1-583dde699038
Taking next connection to: 40086
Checking to see if clients are empty...
We have 1 non-daemon clients, continuing serving connections.
Taking next connection to: 40086
Checking to see if clients are empty...
We have 1 non-daemon clients, continuing serving connections.
Taking next connection to: 40086
Checking to see if clients are empty...
We have 1 non-daemon clients, continuing serving connections.
Taking next connection to: 40086
Checking to see if clients are empty...
We have 1 non-daemon clients, continuing serving connections.
Taking next connection to: 40086
Checking to see if clients are empty...
We have 1 non-daemon clients, continuing serving connections.
Taking next connection to: 40086
Checking to see if clients are empty...
We have 1 non-daemon clients, continuing serving connections.
Taking next connection to: 40086
Checking to see if clients are empty...
We have 1 non-daemon clients, continuing serving connections.
Taking next connection to: 40086
Checking to see if clients are empty...
We have 1 non-daemon clients, continuing serving connections.
Taking next connection to: 40086
Checking to see if clients are empty...
We have 1 non-daemon clients, continuing serving connections.
Taking next connection to: 40086
